!SESSION 2018-12-08 12:00:02.944 -----------------------------------------------
eclipse.buildId=unknown
java.fullversion=8.0.5.0 - pwa6480sr5-20170905_01(SR5)
JRE 1.8.0 IBM J9 2.9 Windows 10 amd64-64 Compressed References 20170901_363591 (JIT enabled, AOT enabled)
J9VM - d56eb84
JIT  - tr.open_20170901_140853_d56eb84
OMR  - b033a01
BootLoader constants: OS=win32, ARCH=x86_64, WS=win32, NL=pt_PT
Command-line arguments:  -clean -nl pt_PT -configuration C:\Users\Asus\Dropbox\cadeiras\mdio\.metadata\workspace_oplrun

!ENTRY ilog.odms.ide.opllang.remote 1 0 2018-12-08 12:00:02.944
!MESSAGE Run 3 in C:/Users/Asus/Dropbox/cadeiras/mdio/teste
!SESSION 2018-12-08 12:04:01.458 -----------------------------------------------
eclipse.buildId=unknown
java.fullversion=8.0.5.0 - pwa6480sr5-20170905_01(SR5)
JRE 1.8.0 IBM J9 2.9 Windows 10 amd64-64 Compressed References 20170901_363591 (JIT enabled, AOT enabled)
J9VM - d56eb84
JIT  - tr.open_20170901_140853_d56eb84
OMR  - b033a01
BootLoader constants: OS=win32, ARCH=x86_64, WS=win32, NL=pt_PT
Command-line arguments:  -clean -nl pt_PT -configuration C:\Users\Asus\Dropbox\cadeiras\mdio\.metadata\workspace_oplrun

!ENTRY ilog.odms.ide.opllang.remote 1 0 2018-12-08 12:04:01.458
!MESSAGE Run 3 in C:/Users/Asus/Dropbox/cadeiras/mdio/teste
!SESSION 2018-12-08 12:06:56.130 -----------------------------------------------
eclipse.buildId=unknown
java.fullversion=8.0.5.0 - pwa6480sr5-20170905_01(SR5)
JRE 1.8.0 IBM J9 2.9 Windows 10 amd64-64 Compressed References 20170901_363591 (JIT enabled, AOT enabled)
J9VM - d56eb84
JIT  - tr.open_20170901_140853_d56eb84
OMR  - b033a01
BootLoader constants: OS=win32, ARCH=x86_64, WS=win32, NL=pt_PT
Command-line arguments:  -clean -nl pt_PT -configuration C:\Users\Asus\Dropbox\cadeiras\mdio\.metadata\workspace_oplrun

!ENTRY ilog.odms.ide.opllang.remote 1 0 2018-12-08 12:06:56.130
!MESSAGE Run 3 in C:/Users/Asus/Dropbox/cadeiras/mdio/teste
!SESSION 2018-12-08 12:13:39.627 -----------------------------------------------
eclipse.buildId=unknown
java.fullversion=8.0.5.0 - pwa6480sr5-20170905_01(SR5)
JRE 1.8.0 IBM J9 2.9 Windows 10 amd64-64 Compressed References 20170901_363591 (JIT enabled, AOT enabled)
J9VM - d56eb84
JIT  - tr.open_20170901_140853_d56eb84
OMR  - b033a01
BootLoader constants: OS=win32, ARCH=x86_64, WS=win32, NL=pt_PT
Command-line arguments:  -clean -nl pt_PT -configuration C:\Users\Asus\Dropbox\cadeiras\mdio\.metadata\workspace_oplrun

!ENTRY ilog.odms.ide.opllang.remote 1 0 2018-12-08 12:13:39.627
!MESSAGE Run 3 in C:/Users/Asus/Dropbox/cadeiras/mdio/teste
!SESSION 2018-12-08 13:45:36.862 -----------------------------------------------
eclipse.buildId=unknown
java.fullversion=8.0.5.0 - pwa6480sr5-20170905_01(SR5)
JRE 1.8.0 IBM J9 2.9 Windows 10 amd64-64 Compressed References 20170901_363591 (JIT enabled, AOT enabled)
J9VM - d56eb84
JIT  - tr.open_20170901_140853_d56eb84
OMR  - b033a01
BootLoader constants: OS=win32, ARCH=x86_64, WS=win32, NL=pt_PT
Command-line arguments:  -clean -nl pt_PT -configuration C:\Users\Asus\Dropbox\cadeiras\mdio\.metadata\workspace_oplrun

!ENTRY ilog.odms.ide.opllang.remote 1 0 2018-12-08 13:45:36.862
!MESSAGE Run 3 in C:/Users/Asus/Dropbox/cadeiras/mdio/teste
!SESSION 2018-12-08 13:52:50.377 -----------------------------------------------
eclipse.buildId=unknown
java.fullversion=8.0.5.0 - pwa6480sr5-20170905_01(SR5)
JRE 1.8.0 IBM J9 2.9 Windows 10 amd64-64 Compressed References 20170901_363591 (JIT enabled, AOT enabled)
J9VM - d56eb84
JIT  - tr.open_20170901_140853_d56eb84
OMR  - b033a01
BootLoader constants: OS=win32, ARCH=x86_64, WS=win32, NL=pt_PT
Command-line arguments:  -clean -nl pt_PT -configuration C:\Users\Asus\Dropbox\cadeiras\mdio\.metadata\workspace_oplrun

!ENTRY ilog.odms.ide.opllang.remote 1 0 2018-12-08 13:52:50.377
!MESSAGE Run 3 in C:/Users/Asus/Dropbox/cadeiras/mdio/teste
!SESSION 2018-12-08 13:59:29.167 -----------------------------------------------
eclipse.buildId=unknown
java.fullversion=8.0.5.0 - pwa6480sr5-20170905_01(SR5)
JRE 1.8.0 IBM J9 2.9 Windows 10 amd64-64 Compressed References 20170901_363591 (JIT enabled, AOT enabled)
J9VM - d56eb84
JIT  - tr.open_20170901_140853_d56eb84
OMR  - b033a01
BootLoader constants: OS=win32, ARCH=x86_64, WS=win32, NL=pt_PT
Command-line arguments:  -clean -nl pt_PT -configuration C:\Users\Asus\Dropbox\cadeiras\mdio\.metadata\workspace_oplrun

!ENTRY ilog.odms.ide.opllang.remote 1 0 2018-12-08 13:59:29.167
!MESSAGE Run 3 in C:/Users/Asus/Dropbox/cadeiras/mdio/teste
!SESSION 2018-12-08 13:59:43.257 -----------------------------------------------
eclipse.buildId=unknown
java.fullversion=8.0.5.0 - pwa6480sr5-20170905_01(SR5)
JRE 1.8.0 IBM J9 2.9 Windows 10 amd64-64 Compressed References 20170901_363591 (JIT enabled, AOT enabled)
J9VM - d56eb84
JIT  - tr.open_20170901_140853_d56eb84
OMR  - b033a01
BootLoader constants: OS=win32, ARCH=x86_64, WS=win32, NL=pt_PT
Command-line arguments:  -clean -nl pt_PT -configuration C:\Users\Asus\Dropbox\cadeiras\mdio\.metadata\workspace_oplrun

!ENTRY ilog.odms.ide.opllang.remote 1 0 2018-12-08 13:59:43.257
!MESSAGE Run 2 in C:/Users/Asus/Dropbox/cadeiras/mdio/teste
!SESSION 2018-12-08 14:02:03.868 -----------------------------------------------
eclipse.buildId=unknown
java.fullversion=8.0.5.0 - pwa6480sr5-20170905_01(SR5)
JRE 1.8.0 IBM J9 2.9 Windows 10 amd64-64 Compressed References 20170901_363591 (JIT enabled, AOT enabled)
J9VM - d56eb84
JIT  - tr.open_20170901_140853_d56eb84
OMR  - b033a01
BootLoader constants: OS=win32, ARCH=x86_64, WS=win32, NL=pt_PT
Command-line arguments:  -clean -nl pt_PT -configuration C:\Users\Asus\Dropbox\cadeiras\mdio\.metadata\workspace_oplrun

!ENTRY ilog.odms.ide.opllang.remote 1 0 2018-12-08 14:02:03.868
!MESSAGE Run 2 in C:/Users/Asus/Dropbox/cadeiras/mdio/teste
!SESSION 2018-12-08 14:05:55.332 -----------------------------------------------
eclipse.buildId=unknown
java.fullversion=8.0.5.0 - pwa6480sr5-20170905_01(SR5)
JRE 1.8.0 IBM J9 2.9 Windows 10 amd64-64 Compressed References 20170901_363591 (JIT enabled, AOT enabled)
J9VM - d56eb84
JIT  - tr.open_20170901_140853_d56eb84
OMR  - b033a01
BootLoader constants: OS=win32, ARCH=x86_64, WS=win32, NL=pt_PT
Command-line arguments:  -clean -nl pt_PT -configuration C:\Users\Asus\Dropbox\cadeiras\mdio\.metadata\workspace_oplrun

!ENTRY ilog.odms.ide.opllang.remote 1 0 2018-12-08 14:05:55.332
!MESSAGE Run 2 in C:/Users/Asus/Dropbox/cadeiras/mdio/teste
!SESSION 2018-12-08 14:07:36.218 -----------------------------------------------
eclipse.buildId=unknown
java.fullversion=8.0.5.0 - pwa6480sr5-20170905_01(SR5)
JRE 1.8.0 IBM J9 2.9 Windows 10 amd64-64 Compressed References 20170901_363591 (JIT enabled, AOT enabled)
J9VM - d56eb84
JIT  - tr.open_20170901_140853_d56eb84
OMR  - b033a01
BootLoader constants: OS=win32, ARCH=x86_64, WS=win32, NL=pt_PT
Command-line arguments:  -clean -nl pt_PT -configuration C:\Users\Asus\Dropbox\cadeiras\mdio\.metadata\workspace_oplrun

!ENTRY ilog.odms.ide.opllang.remote 1 0 2018-12-08 14:07:36.218
!MESSAGE Run 2 in C:/Users/Asus/Dropbox/cadeiras/mdio/teste
!SESSION 2018-12-08 14:09:31.917 -----------------------------------------------
eclipse.buildId=unknown
java.fullversion=8.0.5.0 - pwa6480sr5-20170905_01(SR5)
JRE 1.8.0 IBM J9 2.9 Windows 10 amd64-64 Compressed References 20170901_363591 (JIT enabled, AOT enabled)
J9VM - d56eb84
JIT  - tr.open_20170901_140853_d56eb84
OMR  - b033a01
BootLoader constants: OS=win32, ARCH=x86_64, WS=win32, NL=pt_PT
Command-line arguments:  -clean -nl pt_PT -configuration C:\Users\Asus\Dropbox\cadeiras\mdio\.metadata\workspace_oplrun

!ENTRY ilog.odms.ide.opllang.remote 1 0 2018-12-08 14:09:31.917
!MESSAGE Run 2 in C:/Users/Asus/Dropbox/cadeiras/mdio/teste
!SESSION 2018-12-08 14:11:29.760 -----------------------------------------------
eclipse.buildId=unknown
java.fullversion=8.0.5.0 - pwa6480sr5-20170905_01(SR5)
JRE 1.8.0 IBM J9 2.9 Windows 10 amd64-64 Compressed References 20170901_363591 (JIT enabled, AOT enabled)
J9VM - d56eb84
JIT  - tr.open_20170901_140853_d56eb84
OMR  - b033a01
BootLoader constants: OS=win32, ARCH=x86_64, WS=win32, NL=pt_PT
Command-line arguments:  -clean -nl pt_PT -configuration C:\Users\Asus\Dropbox\cadeiras\mdio\.metadata\workspace_oplrun

!ENTRY ilog.odms.ide.opllang.remote 1 0 2018-12-08 14:11:29.760
!MESSAGE Run 2 in C:/Users/Asus/Dropbox/cadeiras/mdio/teste
!SESSION 2018-12-08 14:13:46.884 -----------------------------------------------
eclipse.buildId=unknown
java.fullversion=8.0.5.0 - pwa6480sr5-20170905_01(SR5)
JRE 1.8.0 IBM J9 2.9 Windows 10 amd64-64 Compressed References 20170901_363591 (JIT enabled, AOT enabled)
J9VM - d56eb84
JIT  - tr.open_20170901_140853_d56eb84
OMR  - b033a01
BootLoader constants: OS=win32, ARCH=x86_64, WS=win32, NL=pt_PT
Command-line arguments:  -clean -nl pt_PT -configuration C:\Users\Asus\Dropbox\cadeiras\mdio\.metadata\workspace_oplrun

!ENTRY ilog.odms.ide.opllang.remote 1 0 2018-12-08 14:13:46.884
!MESSAGE Run 2 in C:/Users/Asus/Dropbox/cadeiras/mdio/teste
!SESSION 2018-12-08 14:14:27.951 -----------------------------------------------
eclipse.buildId=unknown
java.fullversion=8.0.5.0 - pwa6480sr5-20170905_01(SR5)
JRE 1.8.0 IBM J9 2.9 Windows 10 amd64-64 Compressed References 20170901_363591 (JIT enabled, AOT enabled)
J9VM - d56eb84
JIT  - tr.open_20170901_140853_d56eb84
OMR  - b033a01
BootLoader constants: OS=win32, ARCH=x86_64, WS=win32, NL=pt_PT
Command-line arguments:  -clean -nl pt_PT -configuration C:\Users\Asus\Dropbox\cadeiras\mdio\.metadata\workspace_oplrun

!ENTRY ilog.odms.ide.opllang.remote 1 0 2018-12-08 14:14:27.952
!MESSAGE Run 2 in C:/Users/Asus/Dropbox/cadeiras/mdio/teste
!SESSION 2018-12-08 14:14:54.788 -----------------------------------------------
eclipse.buildId=unknown
java.fullversion=8.0.5.0 - pwa6480sr5-20170905_01(SR5)
JRE 1.8.0 IBM J9 2.9 Windows 10 amd64-64 Compressed References 20170901_363591 (JIT enabled, AOT enabled)
J9VM - d56eb84
JIT  - tr.open_20170901_140853_d56eb84
OMR  - b033a01
BootLoader constants: OS=win32, ARCH=x86_64, WS=win32, NL=pt_PT
Command-line arguments:  -clean -nl pt_PT -configuration C:\Users\Asus\Dropbox\cadeiras\mdio\.metadata\workspace_oplrun

!ENTRY ilog.odms.ide.opllang.remote 1 0 2018-12-08 14:14:54.788
!MESSAGE Run 2 in C:/Users/Asus/Dropbox/cadeiras/mdio/teste
!SESSION 2018-12-08 14:25:44.135 -----------------------------------------------
eclipse.buildId=unknown
java.fullversion=8.0.5.0 - pwa6480sr5-20170905_01(SR5)
JRE 1.8.0 IBM J9 2.9 Windows 10 amd64-64 Compressed References 20170901_363591 (JIT enabled, AOT enabled)
J9VM - d56eb84
JIT  - tr.open_20170901_140853_d56eb84
OMR  - b033a01
BootLoader constants: OS=win32, ARCH=x86_64, WS=win32, NL=pt_PT
Command-line arguments:  -clean -nl pt_PT -configuration C:\Users\Asus\Dropbox\cadeiras\mdio\.metadata\workspace_oplrun

!ENTRY ilog.odms.ide.opllang.remote 1 0 2018-12-08 14:25:44.135
!MESSAGE Run 3 in C:/Users/Asus/Dropbox/cadeiras/mdio/teste
!SESSION 2018-12-08 14:32:02.058 -----------------------------------------------
eclipse.buildId=unknown
java.fullversion=8.0.5.0 - pwa6480sr5-20170905_01(SR5)
JRE 1.8.0 IBM J9 2.9 Windows 10 amd64-64 Compressed References 20170901_363591 (JIT enabled, AOT enabled)
J9VM - d56eb84
JIT  - tr.open_20170901_140853_d56eb84
OMR  - b033a01
BootLoader constants: OS=win32, ARCH=x86_64, WS=win32, NL=pt_PT
Command-line arguments:  -clean -nl pt_PT -configuration C:\Users\Asus\Dropbox\cadeiras\mdio\.metadata\workspace_oplrun

!ENTRY ilog.odms.ide.opllang.remote 1 0 2018-12-08 14:32:02.058
!MESSAGE Run 2 in C:/Users/Asus/Dropbox/cadeiras/mdio/teste
!SESSION 2018-12-08 14:52:33.749 -----------------------------------------------
eclipse.buildId=unknown
java.fullversion=8.0.5.0 - pwa6480sr5-20170905_01(SR5)
JRE 1.8.0 IBM J9 2.9 Windows 10 amd64-64 Compressed References 20170901_363591 (JIT enabled, AOT enabled)
J9VM - d56eb84
JIT  - tr.open_20170901_140853_d56eb84
OMR  - b033a01
BootLoader constants: OS=win32, ARCH=x86_64, WS=win32, NL=pt_PT
Command-line arguments:  -clean -nl pt_PT -configuration C:\Users\Asus\Dropbox\cadeiras\mdio\.metadata\workspace_oplrun

!ENTRY ilog.odms.ide.opllang.remote 1 0 2018-12-08 14:52:33.764
!MESSAGE Run 2 in C:/Users/Asus/Dropbox/cadeiras/mdio/teste
!SESSION 2018-12-08 17:27:35.260 -----------------------------------------------
eclipse.buildId=unknown
java.fullversion=8.0.5.0 - pwa6480sr5-20170905_01(SR5)
JRE 1.8.0 IBM J9 2.9 Windows 10 amd64-64 Compressed References 20170901_363591 (JIT enabled, AOT enabled)
J9VM - d56eb84
JIT  - tr.open_20170901_140853_d56eb84
OMR  - b033a01
BootLoader constants: OS=win32, ARCH=x86_64, WS=win32, NL=pt_PT
Command-line arguments:  -clean -nl pt_PT -configuration C:\Users\Asus\Dropbox\cadeiras\mdio\.metadata\workspace_oplrun

!ENTRY ilog.odms.ide.opllang.remote 1 0 2018-12-08 17:27:35.260
!MESSAGE Run 1a in C:/Users/Asus/Dropbox/cadeiras/mdio/teste
!SESSION 2018-12-08 17:30:11.285 -----------------------------------------------
eclipse.buildId=unknown
java.fullversion=8.0.5.0 - pwa6480sr5-20170905_01(SR5)
JRE 1.8.0 IBM J9 2.9 Windows 10 amd64-64 Compressed References 20170901_363591 (JIT enabled, AOT enabled)
J9VM - d56eb84
JIT  - tr.open_20170901_140853_d56eb84
OMR  - b033a01
BootLoader constants: OS=win32, ARCH=x86_64, WS=win32, NL=pt_PT
Command-line arguments:  -clean -nl pt_PT -configuration C:\Users\Asus\Dropbox\cadeiras\mdio\.metadata\workspace_oplrun

!ENTRY ilog.odms.ide.opllang.remote 1 0 2018-12-08 17:30:11.301
!MESSAGE Run 1a in C:/Users/Asus/Dropbox/cadeiras/mdio/teste
!SESSION 2018-12-08 17:30:35.259 -----------------------------------------------
eclipse.buildId=unknown
java.fullversion=8.0.5.0 - pwa6480sr5-20170905_01(SR5)
JRE 1.8.0 IBM J9 2.9 Windows 10 amd64-64 Compressed References 20170901_363591 (JIT enabled, AOT enabled)
J9VM - d56eb84
JIT  - tr.open_20170901_140853_d56eb84
OMR  - b033a01
BootLoader constants: OS=win32, ARCH=x86_64, WS=win32, NL=pt_PT
Command-line arguments:  -clean -nl pt_PT -configuration C:\Users\Asus\Dropbox\cadeiras\mdio\.metadata\workspace_oplrun

!ENTRY ilog.odms.ide.opllang.remote 1 0 2018-12-08 17:30:35.259
!MESSAGE Run 1a in C:/Users/Asus/Dropbox/cadeiras/mdio/teste
!SESSION 2018-12-08 17:30:45.324 -----------------------------------------------
eclipse.buildId=unknown
java.fullversion=8.0.5.0 - pwa6480sr5-20170905_01(SR5)
JRE 1.8.0 IBM J9 2.9 Windows 10 amd64-64 Compressed References 20170901_363591 (JIT enabled, AOT enabled)
J9VM - d56eb84
JIT  - tr.open_20170901_140853_d56eb84
OMR  - b033a01
BootLoader constants: OS=win32, ARCH=x86_64, WS=win32, NL=pt_PT
Command-line arguments:  -clean -nl pt_PT -configuration C:\Users\Asus\Dropbox\cadeiras\mdio\.metadata\workspace_oplrun

!ENTRY ilog.odms.ide.opllang.remote 1 0 2018-12-08 17:30:45.324
!MESSAGE Run 1a in C:/Users/Asus/Dropbox/cadeiras/mdio/teste
!SESSION 2018-12-08 17:31:34.903 -----------------------------------------------
eclipse.buildId=unknown
java.fullversion=8.0.5.0 - pwa6480sr5-20170905_01(SR5)
JRE 1.8.0 IBM J9 2.9 Windows 10 amd64-64 Compressed References 20170901_363591 (JIT enabled, AOT enabled)
J9VM - d56eb84
JIT  - tr.open_20170901_140853_d56eb84
OMR  - b033a01
BootLoader constants: OS=win32, ARCH=x86_64, WS=win32, NL=pt_PT
Command-line arguments:  -clean -nl pt_PT -configuration C:\Users\Asus\Dropbox\cadeiras\mdio\.metadata\workspace_oplrun

!ENTRY ilog.odms.ide.opllang.remote 1 0 2018-12-08 17:31:34.903
!MESSAGE Run 1a in C:/Users/Asus/Dropbox/cadeiras/mdio/teste
!SESSION 2018-12-08 17:32:13.012 -----------------------------------------------
eclipse.buildId=unknown
java.fullversion=8.0.5.0 - pwa6480sr5-20170905_01(SR5)
JRE 1.8.0 IBM J9 2.9 Windows 10 amd64-64 Compressed References 20170901_363591 (JIT enabled, AOT enabled)
J9VM - d56eb84
JIT  - tr.open_20170901_140853_d56eb84
OMR  - b033a01
BootLoader constants: OS=win32, ARCH=x86_64, WS=win32, NL=pt_PT
Command-line arguments:  -clean -nl pt_PT -configuration C:\Users\Asus\Dropbox\cadeiras\mdio\.metadata\workspace_oplrun

!ENTRY ilog.odms.ide.opllang.remote 1 0 2018-12-08 17:32:13.012
!MESSAGE Run 1a in C:/Users/Asus/Dropbox/cadeiras/mdio/teste
!SESSION 2018-12-08 17:32:23.043 -----------------------------------------------
eclipse.buildId=unknown
java.fullversion=8.0.5.0 - pwa6480sr5-20170905_01(SR5)
JRE 1.8.0 IBM J9 2.9 Windows 10 amd64-64 Compressed References 20170901_363591 (JIT enabled, AOT enabled)
J9VM - d56eb84
JIT  - tr.open_20170901_140853_d56eb84
OMR  - b033a01
BootLoader constants: OS=win32, ARCH=x86_64, WS=win32, NL=pt_PT
Command-line arguments:  -clean -nl pt_PT -configuration C:\Users\Asus\Dropbox\cadeiras\mdio\.metadata\workspace_oplrun

!ENTRY ilog.odms.ide.opllang.remote 1 0 2018-12-08 17:32:23.043
!MESSAGE Run 1a in C:/Users/Asus/Dropbox/cadeiras/mdio/teste
!SESSION 2018-12-08 17:34:50.885 -----------------------------------------------
eclipse.buildId=unknown
java.fullversion=8.0.5.0 - pwa6480sr5-20170905_01(SR5)
JRE 1.8.0 IBM J9 2.9 Windows 10 amd64-64 Compressed References 20170901_363591 (JIT enabled, AOT enabled)
J9VM - d56eb84
JIT  - tr.open_20170901_140853_d56eb84
OMR  - b033a01
BootLoader constants: OS=win32, ARCH=x86_64, WS=win32, NL=pt_PT
Command-line arguments:  -clean -nl pt_PT -configuration C:\Users\Asus\Dropbox\cadeiras\mdio\.metadata\workspace_oplrun

!ENTRY ilog.odms.ide.opllang.remote 1 0 2018-12-08 17:34:50.885
!MESSAGE Run 1a in C:/Users/Asus/Dropbox/cadeiras/mdio/teste
!SESSION 2018-12-08 17:35:35.045 -----------------------------------------------
eclipse.buildId=unknown
java.fullversion=8.0.5.0 - pwa6480sr5-20170905_01(SR5)
JRE 1.8.0 IBM J9 2.9 Windows 10 amd64-64 Compressed References 20170901_363591 (JIT enabled, AOT enabled)
J9VM - d56eb84
JIT  - tr.open_20170901_140853_d56eb84
OMR  - b033a01
BootLoader constants: OS=win32, ARCH=x86_64, WS=win32, NL=pt_PT
Command-line arguments:  -clean -nl pt_PT -configuration C:\Users\Asus\Dropbox\cadeiras\mdio\.metadata\workspace_oplrun

!ENTRY ilog.odms.ide.opllang.remote 1 0 2018-12-08 17:35:35.045
!MESSAGE Run 1a in C:/Users/Asus/Dropbox/cadeiras/mdio/teste
!SESSION 2018-12-08 17:35:58.455 -----------------------------------------------
eclipse.buildId=unknown
java.fullversion=8.0.5.0 - pwa6480sr5-20170905_01(SR5)
JRE 1.8.0 IBM J9 2.9 Windows 10 amd64-64 Compressed References 20170901_363591 (JIT enabled, AOT enabled)
J9VM - d56eb84
JIT  - tr.open_20170901_140853_d56eb84
OMR  - b033a01
BootLoader constants: OS=win32, ARCH=x86_64, WS=win32, NL=pt_PT
Command-line arguments:  -clean -nl pt_PT -configuration C:\Users\Asus\Dropbox\cadeiras\mdio\.metadata\workspace_oplrun

!ENTRY ilog.odms.ide.opllang.remote 1 0 2018-12-08 17:35:58.455
!MESSAGE Run 1a in C:/Users/Asus/Dropbox/cadeiras/mdio/teste
!SESSION 2018-12-08 17:39:22.350 -----------------------------------------------
eclipse.buildId=unknown
java.fullversion=8.0.5.0 - pwa6480sr5-20170905_01(SR5)
JRE 1.8.0 IBM J9 2.9 Windows 10 amd64-64 Compressed References 20170901_363591 (JIT enabled, AOT enabled)
J9VM - d56eb84
JIT  - tr.open_20170901_140853_d56eb84
OMR  - b033a01
BootLoader constants: OS=win32, ARCH=x86_64, WS=win32, NL=pt_PT
Command-line arguments:  -clean -nl pt_PT -configuration C:\Users\Asus\Dropbox\cadeiras\mdio\.metadata\workspace_oplrun

!ENTRY ilog.odms.ide.opllang.remote 1 0 2018-12-08 17:39:22.350
!MESSAGE Run 1a in C:/Users/Asus/Dropbox/cadeiras/mdio/teste
!SESSION 2018-12-08 18:18:36.526 -----------------------------------------------
eclipse.buildId=unknown
java.fullversion=8.0.5.0 - pwa6480sr5-20170905_01(SR5)
JRE 1.8.0 IBM J9 2.9 Windows 10 amd64-64 Compressed References 20170901_363591 (JIT enabled, AOT enabled)
J9VM - d56eb84
JIT  - tr.open_20170901_140853_d56eb84
OMR  - b033a01
BootLoader constants: OS=win32, ARCH=x86_64, WS=win32, NL=pt_PT
Command-line arguments:  -clean -nl pt_PT -configuration C:\Users\Asus\Dropbox\cadeiras\mdio\.metadata\workspace_oplrun

!ENTRY ilog.odms.ide.opllang.remote 1 0 2018-12-08 18:18:36.542
!MESSAGE Run 1b in C:/Users/Asus/Dropbox/cadeiras/mdio/teste
!SESSION 2018-12-08 18:20:52.036 -----------------------------------------------
eclipse.buildId=unknown
java.fullversion=8.0.5.0 - pwa6480sr5-20170905_01(SR5)
JRE 1.8.0 IBM J9 2.9 Windows 10 amd64-64 Compressed References 20170901_363591 (JIT enabled, AOT enabled)
J9VM - d56eb84
JIT  - tr.open_20170901_140853_d56eb84
OMR  - b033a01
BootLoader constants: OS=win32, ARCH=x86_64, WS=win32, NL=pt_PT
Command-line arguments:  -clean -nl pt_PT -configuration C:\Users\Asus\Dropbox\cadeiras\mdio\.metadata\workspace_oplrun

!ENTRY ilog.odms.ide.opllang.remote 1 0 2018-12-08 18:20:52.036
!MESSAGE Run 1b in C:/Users/Asus/Dropbox/cadeiras/mdio/teste
!SESSION 2018-12-08 18:29:53.676 -----------------------------------------------
eclipse.buildId=unknown
java.fullversion=8.0.5.0 - pwa6480sr5-20170905_01(SR5)
JRE 1.8.0 IBM J9 2.9 Windows 10 amd64-64 Compressed References 20170901_363591 (JIT enabled, AOT enabled)
J9VM - d56eb84
JIT  - tr.open_20170901_140853_d56eb84
OMR  - b033a01
BootLoader constants: OS=win32, ARCH=x86_64, WS=win32, NL=pt_PT
Command-line arguments:  -clean -nl pt_PT -configuration C:\Users\Asus\Dropbox\cadeiras\mdio\.metadata\workspace_oplrun

!ENTRY ilog.odms.ide.opllang.remote 1 0 2018-12-08 18:29:53.692
!MESSAGE Run 1b in C:/Users/Asus/Dropbox/cadeiras/mdio/teste
!SESSION 2018-12-08 18:35:41.028 -----------------------------------------------
eclipse.buildId=unknown
java.fullversion=8.0.5.0 - pwa6480sr5-20170905_01(SR5)
JRE 1.8.0 IBM J9 2.9 Windows 10 amd64-64 Compressed References 20170901_363591 (JIT enabled, AOT enabled)
J9VM - d56eb84
JIT  - tr.open_20170901_140853_d56eb84
OMR  - b033a01
BootLoader constants: OS=win32, ARCH=x86_64, WS=win32, NL=pt_PT
Command-line arguments:  -clean -nl pt_PT -configuration C:\Users\Asus\Dropbox\cadeiras\mdio\.metadata\workspace_oplrun

!ENTRY ilog.odms.ide.opllang.remote 1 0 2018-12-08 18:35:41.029
!MESSAGE Run 1b in C:/Users/Asus/Dropbox/cadeiras/mdio/teste
!SESSION 2018-12-08 20:27:20.492 -----------------------------------------------
eclipse.buildId=unknown
java.fullversion=8.0.5.0 - pwa6480sr5-20170905_01(SR5)
JRE 1.8.0 IBM J9 2.9 Windows 10 amd64-64 Compressed References 20170901_363591 (JIT enabled, AOT enabled)
J9VM - d56eb84
JIT  - tr.open_20170901_140853_d56eb84
OMR  - b033a01
BootLoader constants: OS=win32, ARCH=x86_64, WS=win32, NL=pt_PT
Command-line arguments:  -clean -nl pt_PT -configuration C:\Users\Asus\Dropbox\cadeiras\mdio\.metadata\workspace_oplrun

!ENTRY ilog.odms.ide.opllang.remote 1 0 2018-12-08 20:27:20.492
!MESSAGE Run 3 in C:/Users/Asus/Dropbox/cadeiras/mdio/teste
!SESSION 2018-12-08 20:32:53.840 -----------------------------------------------
eclipse.buildId=unknown
java.fullversion=8.0.5.0 - pwa6480sr5-20170905_01(SR5)
JRE 1.8.0 IBM J9 2.9 Windows 10 amd64-64 Compressed References 20170901_363591 (JIT enabled, AOT enabled)
J9VM - d56eb84
JIT  - tr.open_20170901_140853_d56eb84
OMR  - b033a01
BootLoader constants: OS=win32, ARCH=x86_64, WS=win32, NL=pt_PT
Command-line arguments:  -clean -nl pt_PT -configuration C:\Users\Asus\Dropbox\cadeiras\mdio\.metadata\workspace_oplrun

!ENTRY ilog.odms.ide.opllang.remote 1 0 2018-12-08 20:32:53.840
!MESSAGE Run 3 in C:/Users/Asus/Dropbox/cadeiras/mdio/teste
!SESSION 2018-12-08 20:39:07.427 -----------------------------------------------
eclipse.buildId=unknown
java.fullversion=8.0.5.0 - pwa6480sr5-20170905_01(SR5)
JRE 1.8.0 IBM J9 2.9 Windows 10 amd64-64 Compressed References 20170901_363591 (JIT enabled, AOT enabled)
J9VM - d56eb84
JIT  - tr.open_20170901_140853_d56eb84
OMR  - b033a01
BootLoader constants: OS=win32, ARCH=x86_64, WS=win32, NL=pt_PT
Command-line arguments:  -clean -nl pt_PT -configuration C:\Users\Asus\Dropbox\cadeiras\mdio\.metadata\workspace_oplrun

!ENTRY ilog.odms.ide.opllang.remote 1 0 2018-12-08 20:39:07.427
!MESSAGE Run 3 in C:/Users/Asus/Dropbox/cadeiras/mdio/teste
!SESSION 2018-12-08 20:50:19.483 -----------------------------------------------
eclipse.buildId=unknown
java.fullversion=8.0.5.0 - pwa6480sr5-20170905_01(SR5)
JRE 1.8.0 IBM J9 2.9 Windows 10 amd64-64 Compressed References 20170901_363591 (JIT enabled, AOT enabled)
J9VM - d56eb84
JIT  - tr.open_20170901_140853_d56eb84
OMR  - b033a01
BootLoader constants: OS=win32, ARCH=x86_64, WS=win32, NL=pt_PT
Command-line arguments:  -clean -nl pt_PT -configuration C:\Users\Asus\Dropbox\cadeiras\mdio\.metadata\workspace_oplrun

!ENTRY ilog.odms.ide.opllang.remote 1 0 2018-12-08 20:50:19.483
!MESSAGE Run 1b in C:/Users/Asus/Dropbox/cadeiras/mdio/teste
!SESSION 2018-12-08 20:50:42.042 -----------------------------------------------
eclipse.buildId=unknown
java.fullversion=8.0.5.0 - pwa6480sr5-20170905_01(SR5)
JRE 1.8.0 IBM J9 2.9 Windows 10 amd64-64 Compressed References 20170901_363591 (JIT enabled, AOT enabled)
J9VM - d56eb84
JIT  - tr.open_20170901_140853_d56eb84
OMR  - b033a01
BootLoader constants: OS=win32, ARCH=x86_64, WS=win32, NL=pt_PT
Command-line arguments:  -clean -nl pt_PT -configuration C:\Users\Asus\Dropbox\cadeiras\mdio\.metadata\workspace_oplrun

!ENTRY ilog.odms.ide.opllang.remote 1 0 2018-12-08 20:50:42.042
!MESSAGE Run 1b in C:/Users/Asus/Dropbox/cadeiras/mdio/teste
!SESSION 2018-12-08 20:57:03.599 -----------------------------------------------
eclipse.buildId=unknown
java.fullversion=8.0.5.0 - pwa6480sr5-20170905_01(SR5)
JRE 1.8.0 IBM J9 2.9 Windows 10 amd64-64 Compressed References 20170901_363591 (JIT enabled, AOT enabled)
J9VM - d56eb84
JIT  - tr.open_20170901_140853_d56eb84
OMR  - b033a01
BootLoader constants: OS=win32, ARCH=x86_64, WS=win32, NL=pt_PT
Command-line arguments:  -clean -nl pt_PT -configuration C:\Users\Asus\Dropbox\cadeiras\mdio\.metadata\workspace_oplrun

!ENTRY ilog.odms.ide.opllang.remote 1 0 2018-12-08 20:57:03.599
!MESSAGE Run 3 in C:/Users/Asus/Dropbox/cadeiras/mdio/teste
!SESSION 2018-12-08 21:02:05.610 -----------------------------------------------
eclipse.buildId=unknown
java.fullversion=8.0.5.0 - pwa6480sr5-20170905_01(SR5)
JRE 1.8.0 IBM J9 2.9 Windows 10 amd64-64 Compressed References 20170901_363591 (JIT enabled, AOT enabled)
J9VM - d56eb84
JIT  - tr.open_20170901_140853_d56eb84
OMR  - b033a01
BootLoader constants: OS=win32, ARCH=x86_64, WS=win32, NL=pt_PT
Command-line arguments:  -clean -nl pt_PT -configuration C:\Users\Asus\Dropbox\cadeiras\mdio\.metadata\workspace_oplrun

!ENTRY ilog.odms.ide.opllang.remote 1 0 2018-12-08 21:02:05.610
!MESSAGE Run 2 in C:/Users/Asus/Dropbox/cadeiras/mdio/teste
!SESSION 2018-12-08 21:07:31.996 -----------------------------------------------
eclipse.buildId=unknown
java.fullversion=8.0.5.0 - pwa6480sr5-20170905_01(SR5)
JRE 1.8.0 IBM J9 2.9 Windows 10 amd64-64 Compressed References 20170901_363591 (JIT enabled, AOT enabled)
J9VM - d56eb84
JIT  - tr.open_20170901_140853_d56eb84
OMR  - b033a01
BootLoader constants: OS=win32, ARCH=x86_64, WS=win32, NL=pt_PT
Command-line arguments:  -clean -nl pt_PT -configuration C:\Users\Asus\Dropbox\cadeiras\mdio\.metadata\workspace_oplrun

!ENTRY ilog.odms.ide.opllang.remote 1 0 2018-12-08 21:07:31.996
!MESSAGE Run 1b in C:/Users/Asus/Dropbox/cadeiras/mdio/teste
!SESSION 2018-12-08 21:07:38.410 -----------------------------------------------
eclipse.buildId=unknown
java.fullversion=8.0.5.0 - pwa6480sr5-20170905_01(SR5)
JRE 1.8.0 IBM J9 2.9 Windows 10 amd64-64 Compressed References 20170901_363591 (JIT enabled, AOT enabled)
J9VM - d56eb84
JIT  - tr.open_20170901_140853_d56eb84
OMR  - b033a01
BootLoader constants: OS=win32, ARCH=x86_64, WS=win32, NL=pt_PT
Command-line arguments:  -clean -nl pt_PT -configuration C:\Users\Asus\Dropbox\cadeiras\mdio\.metadata\workspace_oplrun

!ENTRY ilog.odms.ide.opllang.remote 1 0 2018-12-08 21:07:38.426
!MESSAGE Run 3 in C:/Users/Asus/Dropbox/cadeiras/mdio/teste
!SESSION 2018-12-08 21:12:00.308 -----------------------------------------------
eclipse.buildId=unknown
java.fullversion=8.0.5.0 - pwa6480sr5-20170905_01(SR5)
JRE 1.8.0 IBM J9 2.9 Windows 10 amd64-64 Compressed References 20170901_363591 (JIT enabled, AOT enabled)
J9VM - d56eb84
JIT  - tr.open_20170901_140853_d56eb84
OMR  - b033a01
BootLoader constants: OS=win32, ARCH=x86_64, WS=win32, NL=pt_PT
Command-line arguments:  -clean -nl pt_PT -configuration C:\Users\Asus\Dropbox\cadeiras\mdio\.metadata\workspace_oplrun

!ENTRY ilog.odms.ide.opllang.remote 1 0 2018-12-08 21:12:00.308
!MESSAGE Run 2 in C:/Users/Asus/Dropbox/cadeiras/mdio/teste
!SESSION 2018-12-08 21:12:29.993 -----------------------------------------------
eclipse.buildId=unknown
java.fullversion=8.0.5.0 - pwa6480sr5-20170905_01(SR5)
JRE 1.8.0 IBM J9 2.9 Windows 10 amd64-64 Compressed References 20170901_363591 (JIT enabled, AOT enabled)
J9VM - d56eb84
JIT  - tr.open_20170901_140853_d56eb84
OMR  - b033a01
BootLoader constants: OS=win32, ARCH=x86_64, WS=win32, NL=pt_PT
Command-line arguments:  -clean -nl pt_PT -configuration C:\Users\Asus\Dropbox\cadeiras\mdio\.metadata\workspace_oplrun

!ENTRY ilog.odms.ide.opllang.remote 1 0 2018-12-08 21:12:29.993
!MESSAGE Run 2 in C:/Users/Asus/Dropbox/cadeiras/mdio/teste
!SESSION 2018-12-08 21:13:14.273 -----------------------------------------------
eclipse.buildId=unknown
java.fullversion=8.0.5.0 - pwa6480sr5-20170905_01(SR5)
JRE 1.8.0 IBM J9 2.9 Windows 10 amd64-64 Compressed References 20170901_363591 (JIT enabled, AOT enabled)
J9VM - d56eb84
JIT  - tr.open_20170901_140853_d56eb84
OMR  - b033a01
BootLoader constants: OS=win32, ARCH=x86_64, WS=win32, NL=pt_PT
Command-line arguments:  -clean -nl pt_PT -configuration C:\Users\Asus\Dropbox\cadeiras\mdio\.metadata\workspace_oplrun

!ENTRY ilog.odms.ide.opllang.remote 1 0 2018-12-08 21:13:14.273
!MESSAGE Run 2 in C:/Users/Asus/Dropbox/cadeiras/mdio/teste
!SESSION 2018-12-08 21:14:11.211 -----------------------------------------------
eclipse.buildId=unknown
java.fullversion=8.0.5.0 - pwa6480sr5-20170905_01(SR5)
JRE 1.8.0 IBM J9 2.9 Windows 10 amd64-64 Compressed References 20170901_363591 (JIT enabled, AOT enabled)
J9VM - d56eb84
JIT  - tr.open_20170901_140853_d56eb84
OMR  - b033a01
BootLoader constants: OS=win32, ARCH=x86_64, WS=win32, NL=pt_PT
Command-line arguments:  -clean -nl pt_PT -configuration C:\Users\Asus\Dropbox\cadeiras\mdio\.metadata\workspace_oplrun

!ENTRY ilog.odms.ide.opllang.remote 1 0 2018-12-08 21:14:11.211
!MESSAGE Run 2 in C:/Users/Asus/Dropbox/cadeiras/mdio/teste
!SESSION 2018-12-08 21:16:50.931 -----------------------------------------------
eclipse.buildId=unknown
java.fullversion=8.0.5.0 - pwa6480sr5-20170905_01(SR5)
JRE 1.8.0 IBM J9 2.9 Windows 10 amd64-64 Compressed References 20170901_363591 (JIT enabled, AOT enabled)
J9VM - d56eb84
JIT  - tr.open_20170901_140853_d56eb84
OMR  - b033a01
BootLoader constants: OS=win32, ARCH=x86_64, WS=win32, NL=pt_PT
Command-line arguments:  -clean -nl pt_PT -configuration C:\Users\Asus\Dropbox\cadeiras\mdio\.metadata\workspace_oplrun

!ENTRY ilog.odms.ide.opllang.remote 1 0 2018-12-08 21:16:50.931
!MESSAGE Run 2 in C:/Users/Asus/Dropbox/cadeiras/mdio/teste
!SESSION 2018-12-08 21:17:14.878 -----------------------------------------------
eclipse.buildId=unknown
java.fullversion=8.0.5.0 - pwa6480sr5-20170905_01(SR5)
JRE 1.8.0 IBM J9 2.9 Windows 10 amd64-64 Compressed References 20170901_363591 (JIT enabled, AOT enabled)
J9VM - d56eb84
JIT  - tr.open_20170901_140853_d56eb84
OMR  - b033a01
BootLoader constants: OS=win32, ARCH=x86_64, WS=win32, NL=pt_PT
Command-line arguments:  -clean -nl pt_PT -configuration C:\Users\Asus\Dropbox\cadeiras\mdio\.metadata\workspace_oplrun

!ENTRY ilog.odms.ide.opllang.remote 1 0 2018-12-08 21:17:14.878
!MESSAGE Run 2 in C:/Users/Asus/Dropbox/cadeiras/mdio/teste
!SESSION 2018-12-08 22:24:31.568 -----------------------------------------------
eclipse.buildId=unknown
java.fullversion=8.0.5.0 - pwa6480sr5-20170905_01(SR5)
JRE 1.8.0 IBM J9 2.9 Windows 10 amd64-64 Compressed References 20170901_363591 (JIT enabled, AOT enabled)
J9VM - d56eb84
JIT  - tr.open_20170901_140853_d56eb84
OMR  - b033a01
BootLoader constants: OS=win32, ARCH=x86_64, WS=win32, NL=pt_PT
Command-line arguments:  -clean -nl pt_PT -configuration C:\Users\Asus\Dropbox\cadeiras\mdio\.metadata\workspace_oplrun

!ENTRY ilog.odms.ide.opllang.remote 1 0 2018-12-08 22:24:31.584
!MESSAGE Run 1a in C:/Users/Asus/Dropbox/cadeiras/mdio/teste
